<?xml version="1.0" encoding="UTF-8"?>
<testng-results skipped="0" failed="0" ignored="0" total="1" passed="1">
  <reporter-output>
  </reporter-output>
  <suite name="Suite" duration-ms="33277" started-at="2018-08-16T11:43:19Z" finished-at="2018-08-16T11:43:52Z">
    <groups>
    </groups>
    <test name="Test" duration-ms="33277" started-at="2018-08-16T11:43:19Z" finished-at="2018-08-16T11:43:52Z">
      <class name="day5week2pageobjetmodel.TC001_MergeLead">
        <test-method status="PASS" signature="startSuite()[pri:0, instance:day5week2pageobjetmodel.TC001_MergeLead@c273d3]" name="startSuite" is-config="true" duration-ms="1418" started-at="2018-08-16T11:43:17Z" finished-at="2018-08-16T11:43:19Z">
          <reporter-output>
          </reporter-output>
        </test-method> <!-- startSuite -->
        <test-method status="PASS" signature="setValues()[pri:0, instance:day5week2pageobjetmodel.TC001_MergeLead@c273d3]" name="setValues" is-config="true" duration-ms="0" started-at="2018-08-16T11:43:19Z" finished-at="2018-08-16T11:43:19Z">
          <reporter-output>
          </reporter-output>
        </test-method> <!-- setValues -->
        <test-method status="PASS" signature="startTest()[pri:0, instance:day5week2pageobjetmodel.TC001_MergeLead@c273d3]" name="startTest" is-config="true" duration-ms="2" started-at="2018-08-16T11:43:19Z" finished-at="2018-08-16T11:43:19Z">
          <reporter-output>
          </reporter-output>
        </test-method> <!-- startTest -->
        <test-method status="PASS" signature="login(java.lang.String, java.lang.String, java.lang.String)[pri:0, instance:day5week2pageobjetmodel.TC001_MergeLead@c273d3]" name="login" is-config="true" duration-ms="13153" started-at="2018-08-16T11:43:20Z" finished-at="2018-08-16T11:43:33Z">
          <params>
            <param index="0">
              <value>
                <![CDATA[http://leaftaps.com/opentaps]]>
              </value>
            </param>
            <param index="1">
              <value>
                <![CDATA[DemoSalesManager]]>
              </value>
            </param>
            <param index="2">
              <value>
                <![CDATA[crmsfa]]>
              </value>
            </param>
          </params>
          <reporter-output>
          </reporter-output>
        </test-method> <!-- login -->
        <test-method status="PASS" signature="mergelead(java.lang.String, java.lang.String)[pri:0, instance:day5week2pageobjetmodel.TC001_MergeLead@c273d3]" name="mergelead" duration-ms="19189" started-at="2018-08-16T11:43:33Z" data-provider="fetchdata" finished-at="2018-08-16T11:43:52Z">
          <params>
            <param index="0">
              <value>
                <![CDATA[10057]]>
              </value>
            </param>
            <param index="1">
              <value>
                <![CDATA[10060]]>
              </value>
            </param>
          </params>
          <reporter-output>
          </reporter-output>
        </test-method> <!-- mergelead -->
        <test-method status="PASS" signature="close()[pri:0, instance:day5week2pageobjetmodel.TC001_MergeLead@c273d3]" name="close" is-config="true" duration-ms="0" started-at="2018-08-16T11:43:52Z" finished-at="2018-08-16T11:43:52Z">
          <reporter-output>
          </reporter-output>
        </test-method> <!-- close -->
        <test-method status="PASS" signature="stopSuite()[pri:0, instance:day5week2pageobjetmodel.TC001_MergeLead@c273d3]" name="stopSuite" is-config="true" duration-ms="1057" started-at="2018-08-16T11:43:52Z" finished-at="2018-08-16T11:43:53Z">
          <reporter-output>
          </reporter-output>
        </test-method> <!-- stopSuite -->
      </class> <!-- day5week2pageobjetmodel.TC001_MergeLead -->
    </test> <!-- Test -->
  </suite> <!-- Suite -->
</testng-results>
